<?xml version="1.0" encoding="UTF-8"?>
<!-- Generated by org.testng.reporters.JUnitReportReporter -->
<testsuite hostname="CBT-085" name="com.liqvid.installation.LiqvidInstallation" tests="1" failures="0" timestamp="4 Jan 2017 07:11:37 GMT" time="9.755" errors="0">
  <testcase name="liqvidInstallation" time="9.755" classname="com.liqvid.installation.LiqvidInstallation"/>
</testsuite> <!-- com.liqvid.installation.LiqvidInstallation -->
