<?xml version="1.0" encoding="UTF-8"?>
<!-- Generated by org.testng.reporters.JUnitReportReporter -->
<testsuite hostname="CBT-085" name="com.liqvid.scripts.SampleTest" tests="1" failures="0" timestamp="23 Jan 2017 08:22:32 GMT" time="149.410" errors="0">
  <testcase name="adminLogin" time="149.410" classname="com.liqvid.scripts.SampleTest"/>
</testsuite> <!-- com.liqvid.scripts.SampleTest -->
