<?xml version="1.0" encoding="UTF-8"?>
<!-- Generated by org.testng.reporters.JUnitReportReporter -->
<testsuite hostname="CBT-085" name="com.liqvid.scripts.SampleTest" tests="1" failures="0" timestamp="9 Jan 2017 07:46:10 GMT" time="117.856" errors="0">
  <testcase name="adminLogin" time="117.856" classname="com.liqvid.scripts.SampleTest"/>
</testsuite> <!-- com.liqvid.scripts.SampleTest -->
